C:\USERS\DELL\DOCUMENTS\VISUAL STUDIO 2012\PROJECTS\ASSIGNMENT\ASSIGNMENT\DEBUG\MAIN.OBJ
C:\USERS\DELL\DOCUMENTS\VISUAL STUDIO 2012\PROJECTS\ASSIGNMENT\ASSIGNMENT\DEBUG\VC110.PDB
C:\USERS\DELL\DOCUMENTS\VISUAL STUDIO 2012\PROJECTS\ASSIGNMENT\DEBUG\ASSIGNMENT.ILK
C:\USERS\DELL\DOCUMENTS\VISUAL STUDIO 2012\PROJECTS\ASSIGNMENT\DEBUG\ASSIGNMENT.EXE
C:\USERS\DELL\DOCUMENTS\VISUAL STUDIO 2012\PROJECTS\ASSIGNMENT\DEBUG\ASSIGNMENT.PDB
c:\Users\Dell\documents\visual studio 2012\Projects\Assignment\Assignment\Debug\Main.obj
c:\Users\Dell\documents\visual studio 2012\Projects\Assignment\Assignment\Debug\cl.command.1.tlog
c:\Users\Dell\documents\visual studio 2012\Projects\Assignment\Assignment\Debug\CL.read.1.tlog
c:\Users\Dell\documents\visual studio 2012\Projects\Assignment\Assignment\Debug\CL.write.1.tlog
c:\Users\Dell\documents\visual studio 2012\Projects\Assignment\Assignment\Debug\link-cvtres.read.1.tlog
c:\Users\Dell\documents\visual studio 2012\Projects\Assignment\Assignment\Debug\link-cvtres.write.1.tlog
c:\Users\Dell\documents\visual studio 2012\Projects\Assignment\Assignment\Debug\link-rc.read.1.tlog
c:\Users\Dell\documents\visual studio 2012\Projects\Assignment\Assignment\Debug\link-rc.write.1.tlog
c:\Users\Dell\documents\visual studio 2012\Projects\Assignment\Assignment\Debug\link.3556-cvtres.read.1.tlog
c:\Users\Dell\documents\visual studio 2012\Projects\Assignment\Assignment\Debug\link.3556-cvtres.write.1.tlog
c:\Users\Dell\documents\visual studio 2012\Projects\Assignment\Assignment\Debug\link.3556-rc.read.1.tlog
c:\Users\Dell\documents\visual studio 2012\Projects\Assignment\Assignment\Debug\link.3556-rc.write.1.tlog
c:\Users\Dell\documents\visual studio 2012\Projects\Assignment\Assignment\Debug\link.3556.read.1.tlog
c:\Users\Dell\documents\visual studio 2012\Projects\Assignment\Assignment\Debug\link.3556.write.1.tlog
c:\Users\Dell\documents\visual studio 2012\Projects\Assignment\Assignment\Debug\link.command.1.tlog
c:\Users\Dell\documents\visual studio 2012\Projects\Assignment\Assignment\Debug\link.read.1.tlog
c:\Users\Dell\documents\visual studio 2012\Projects\Assignment\Assignment\Debug\link.write.1.tlog
c:\Users\Dell\documents\visual studio 2012\Projects\Assignment\Assignment\Debug\vc110.idb
c:\Users\Dell\documents\visual studio 2012\Projects\Assignment\Assignment\Debug\vc110.pdb
c:\users\dell\documents\visual studio 2012\Projects\Assignment\Debug\Assignment.pdb
c:\users\dell\documents\visual studio 2012\Projects\Assignment\Debug\Assignment.exe
c:\users\dell\documents\visual studio 2012\Projects\Assignment\Debug\Assignment.ilk
